<?xml version="1.0" encoding="UTF-8"?>
<testng-results ignored="0" total="2" passed="2" failed="0" skipped="0">
  <reporter-output>
  </reporter-output>
  <suite started-at="2021-05-07T18:27:18 PDT" name="Default suite" finished-at="2021-05-07T18:27:18 PDT" duration-ms="70">
    <groups>
    </groups>
    <test started-at="2021-05-07T18:27:18 PDT" name="Default test" finished-at="2021-05-07T18:27:18 PDT" duration-ms="70">
      <class name="Practice.RestAPITest">
        <test-method signature="learnRestAPI()[pri:0, instance:Practice.RestAPITest@37858383]" started-at="2021-05-07T18:27:18 PDT" name="learnRestAPI" finished-at="2021-05-07T18:27:18 PDT" duration-ms="11" status="PASS">
          <reporter-output>
          </reporter-output>
        </test-method> <!-- learnRestAPI -->
        <test-method signature="testRestAPIa()[pri:0, instance:Practice.RestAPITest@37858383]" started-at="2021-05-07T18:27:18 PDT" name="testRestAPIa" finished-at="2021-05-07T18:27:18 PDT" duration-ms="3" status="PASS">
          <reporter-output>
          </reporter-output>
        </test-method> <!-- testRestAPIa -->
      </class> <!-- Practice.RestAPITest -->
    </test> <!-- Default test -->
  </suite> <!-- Default suite -->
</testng-results>
