<?xml version="1.0" encoding="UTF-8"?>
<testng-results ignored="1" total="6" passed="5" failed="0" skipped="0">
  <reporter-output>
  </reporter-output>
  <suite started-at="2021-04-15T03:41:06Z" name="Suite" finished-at="2021-04-15T03:41:06Z" duration-ms="42">
    <groups>
    </groups>
    <test started-at="2021-04-15T03:41:06Z" name="Test" finished-at="2021-04-15T03:41:06Z" duration-ms="42">
      <class name="Practice.SeleniumTest">
        <test-method signature="learnSelenium()[pri:0, instance:Practice.SeleniumTest@428640fa]" started-at="2021-04-14T20:41:06Z" name="learnSelenium" finished-at="2021-04-14T20:41:06Z" duration-ms="9" status="PASS">
          <reporter-output>
          </reporter-output>
        </test-method> <!-- learnSelenium -->
      </class> <!-- Practice.SeleniumTest -->
      <class name="Practice.AppiumTest">
        <test-method signature="learnAppium()[pri:0, instance:Practice.AppiumTest@4efac082]" started-at="2021-04-14T20:41:06Z" name="learnAppium" finished-at="2021-04-14T20:41:06Z" duration-ms="0" status="PASS">
          <reporter-output>
          </reporter-output>
        </test-method> <!-- learnAppium -->
        <test-method signature="testAppium()[pri:0, instance:Practice.AppiumTest@4efac082]" started-at="2021-04-14T20:41:06Z" name="testAppium" finished-at="2021-04-14T20:41:06Z" duration-ms="0" status="PASS">
          <reporter-output>
          </reporter-output>
        </test-method> <!-- testAppium -->
      </class> <!-- Practice.AppiumTest -->
      <class name="Practice.RestAPITest">
        <test-method signature="learnRestAPI()[pri:0, instance:Practice.RestAPITest@59505b48]" started-at="2021-04-14T20:41:06Z" name="learnRestAPI" finished-at="2021-04-14T20:41:06Z" duration-ms="0" status="PASS">
          <reporter-output>
          </reporter-output>
        </test-method> <!-- learnRestAPI -->
        <test-method signature="testRestAPIa()[pri:0, instance:Practice.RestAPITest@59505b48]" started-at="2021-04-14T20:41:06Z" name="testRestAPIa" finished-at="2021-04-14T20:41:06Z" duration-ms="1" status="PASS">
          <reporter-output>
          </reporter-output>
        </test-method> <!-- testRestAPIa -->
      </class> <!-- Practice.RestAPITest -->
    </test> <!-- Test -->
  </suite> <!-- Suite -->
</testng-results>
