<?xml version="1.0" encoding="UTF-8"?>
<!-- Generated by org.testng.reporters.JUnitXMLReporter -->
<testsuite ignored="1" hostname="Anuj-PC" failures="0" tests="5" name="Test" time="0.042" errors="0" timestamp="15 Apr 2021 03:41:06 GMT">
  <testcase classname="Practice.SeleniumTest" name="learnSelenium" time="0.009"/>
  <testcase classname="Practice.RestAPITest" name="learnRestAPI" time="0.0"/>
  <testcase classname="Practice.RestAPITest" name="testRestAPIa" time="0.001"/>
  <testcase classname="Practice.AppiumTest" name="learnAppium" time="0.0"/>
  <testcase classname="Practice.AppiumTest" name="testAppium" time="0.0"/>
  <testcase classname="Practice.SeleniumTest" name="testSelenium" time="0.0">
    <ignored/>
  </testcase> <!-- testSelenium -->
</testsuite> <!-- Test -->
